Release 14.7 - xst P.20131013 (lin64)
Copyright (c) 1995-2013 Xilinx, Inc.  All rights reserved.
--> 
Parameter TMPDIR set to xst/projnav.tmp


Total REAL time to Xst completion: 1.00 secs
Total CPU time to Xst completion: 0.06 secs
 
--> 
Parameter xsthdpdir set to xst


Total REAL time to Xst completion: 1.00 secs
Total CPU time to Xst completion: 0.06 secs
 
--> 
Reading design: Lab7_top_sch.prj

TABLE OF CONTENTS
  1) Synthesis Options Summary
  2) HDL Parsing
  3) HDL Elaboration
  4) HDL Synthesis
       4.1) HDL Synthesis Report
  5) Advanced HDL Synthesis
       5.1) Advanced HDL Synthesis Report
  6) Low Level Synthesis
  7) Partition Report
  8) Design Summary
       8.1) Primitive and Black Box Usage
       8.2) Device utilization summary
       8.3) Partition Resource Summary
       8.4) Timing Report
            8.4.1) Clock Information
            8.4.2) Asynchronous Control Signals Information
            8.4.3) Timing Summary
            8.4.4) Timing Details
            8.4.5) Cross Clock Domains Report


=========================================================================
*                      Synthesis Options Summary                        *
=========================================================================
---- Source Parameters
Input File Name                    : "Lab7_top_sch.prj"
Ignore Synthesis Constraint File   : NO

---- Target Parameters
Output File Name                   : "Lab7_top_sch"
Output Format                      : NGC
Target Device                      : xc7a100t-1-fgg676

---- Source Options
Top Module Name                    : Lab7_top_sch
Automatic FSM Extraction           : YES
FSM Encoding Algorithm             : Auto
Safe Implementation                : No
FSM Style                          : LUT
RAM Extraction                     : Yes
RAM Style                          : Auto
ROM Extraction                     : Yes
Shift Register Extraction          : YES
ROM Style                          : Auto
Resource Sharing                   : YES
Asynchronous To Synchronous        : NO
Shift Register Minimum Size        : 2
Use DSP Block                      : Auto
Automatic Register Balancing       : No

---- Target Options
LUT Combining                      : Auto
Reduce Control Sets                : Auto
Add IO Buffers                     : YES
Global Maximum Fanout              : 100000
Add Generic Clock Buffer(BUFG)     : 32
Register Duplication               : YES
Optimize Instantiated Primitives   : NO
Use Clock Enable                   : Auto
Use Synchronous Set                : Auto
Use Synchronous Reset              : Auto
Pack IO Registers into IOBs        : Auto
Equivalent register Removal        : YES

---- General Options
Optimization Goal                  : Speed
Optimization Effort                : 1
Power Reduction                    : NO
Keep Hierarchy                     : No
Netlist Hierarchy                  : As_Optimized
RTL Output                         : Yes
Global Optimization                : AllClockNets
Read Cores                         : YES
Write Timing Constraints           : NO
Cross Clock Analysis               : NO
Hierarchy Separator                : /
Bus Delimiter                      : <>
Case Specifier                     : Maintain
Slice Utilization Ratio            : 100
BRAM Utilization Ratio             : 100
DSP48 Utilization Ratio            : 100
Auto BRAM Packing                  : NO
Slice Utilization Ratio Delta      : 5

=========================================================================


=========================================================================
*                          HDL Parsing                                  *
=========================================================================
Parsing VHDL file "/home/wwu/nicholas.zimmerman/Documents/Lab7/Lab7_serialTransmission/Tx.vhd" into library work
Parsing entity <Tx>.
Parsing architecture <Structural> of entity <tx>.
Parsing VHDL file "/home/wwu/nicholas.zimmerman/Documents/Lab7/Lab7_serialTransmission/Rx.vhd" into library work
Parsing entity <Rx>.
Parsing architecture <Structural> of entity <rx>.
Parsing VHDL file "/home/wwu/nicholas.zimmerman/Documents/Lab7/Lab7_serialTransmission/Lab7_top_sch.vhd" into library work
Parsing entity <counter3bitCycle>.
Parsing architecture <Behavioral> of entity <counter3bitcycle>.
Parsing entity <Lab7_top_sch>.
Parsing architecture <Structural> of entity <lab7_top_sch>.
WARNING:HDLCompiler:946 - "/home/wwu/nicholas.zimmerman/Documents/Lab7/Lab7_serialTransmission/Lab7_top_sch.vhd" Line 123: Actual for formal port go is neither a static name nor a globally static expression

=========================================================================
*                            HDL Elaboration                            *
=========================================================================

Elaborating entity <Lab7_top_sch> (architecture <Structural>) from library <work>.

Elaborating entity <Tx> (architecture <Structural>) from library <work>.

Elaborating entity <counter3bitCycle> (architecture <Behavioral>) from library <work>.

Elaborating entity <Rx> (architecture <Structural>) from library <work>.

=========================================================================
*                           HDL Synthesis                               *
=========================================================================

Synthesizing Unit <Lab7_top_sch>.
    Related source file is "/home/wwu/nicholas.zimmerman/Documents/Lab7/Lab7_serialTransmission/Lab7_top_sch.vhd".
    Found 1-bit register for signal <t_reg>.
    Found 15-bit register for signal <clk_reg>.
    Found 15-bit adder for signal <clk_reg[14]_GND_5_o_add_2_OUT> created at line 1241.
    Summary:
	inferred   1 Adder/Subtractor(s).
	inferred  16 D-type flip-flop(s).
Unit <Lab7_top_sch> synthesized.

Synthesizing Unit <Tx>.
    Related source file is "/home/wwu/nicholas.zimmerman/Documents/Lab7/Lab7_serialTransmission/Tx.vhd".
    Found 8-bit register for signal <data_reg>.
    Found 2-bit register for signal <control_reg>.
    Found finite state machine <FSM_0> for signal <control_reg>.
    -----------------------------------------------------------------------
    | States             | 3                                              |
    | Transitions        | 5                                              |
    | Inputs             | 2                                              |
    | Outputs            | 2                                              |
    | Clock              | clock_in (rising_edge)                         |
    | Power Up State     | load                                           |
    | Encoding           | auto                                           |
    | Implementation     | LUT                                            |
    -----------------------------------------------------------------------
    Summary:
	inferred   8 D-type flip-flop(s).
	inferred   1 Multiplexer(s).
	inferred   1 Finite State Machine(s).
Unit <Tx> synthesized.

Synthesizing Unit <counter3bitCycle>.
    Related source file is "/home/wwu/nicholas.zimmerman/Documents/Lab7/Lab7_serialTransmission/Lab7_top_sch.vhd".
    Found 3-bit register for signal <cnt_reg>.
    Found 3-bit adder for signal <cnt_reg[2]_GND_7_o_add_2_OUT> created at line 1241.
    Summary:
	inferred   1 Adder/Subtractor(s).
	inferred   3 D-type flip-flop(s).
Unit <counter3bitCycle> synthesized.

Synthesizing Unit <Rx>.
    Related source file is "/home/wwu/nicholas.zimmerman/Documents/Lab7/Lab7_serialTransmission/Rx.vhd".
    Found 8-bit register for signal <data_reg>.
    Found 1-bit register for signal <rShift>.
    Summary:
	inferred   9 D-type flip-flop(s).
	inferred   1 Multiplexer(s).
Unit <Rx> synthesized.

=========================================================================
HDL Synthesis Report

Macro Statistics
# Adders/Subtractors                                   : 3
 15-bit adder                                          : 1
 3-bit adder                                           : 2
# Registers                                            : 7
 1-bit register                                        : 2
 15-bit register                                       : 1
 3-bit register                                        : 2
 8-bit register                                        : 2
# Multiplexers                                         : 2
 1-bit 2-to-1 multiplexer                              : 1
 8-bit 2-to-1 multiplexer                              : 1
# FSMs                                                 : 1

=========================================================================

=========================================================================
*                       Advanced HDL Synthesis                          *
=========================================================================


Synthesizing (advanced) Unit <Lab7_top_sch>.
The following registers are absorbed into counter <clk_reg>: 1 register on signal <clk_reg>.
Unit <Lab7_top_sch> synthesized (advanced).

Synthesizing (advanced) Unit <counter3bitCycle>.
The following registers are absorbed into counter <cnt_reg>: 1 register on signal <cnt_reg>.
Unit <counter3bitCycle> synthesized (advanced).

=========================================================================
Advanced HDL Synthesis Report

Macro Statistics
# Counters                                             : 3
 15-bit up counter                                     : 1
 3-bit up counter                                      : 2
# Registers                                            : 18
 Flip-Flops                                            : 18
# Multiplexers                                         : 8
 1-bit 2-to-1 multiplexer                              : 8
# FSMs                                                 : 1

=========================================================================

=========================================================================
*                         Low Level Synthesis                           *
=========================================================================
Analyzing FSM <MFsm> for best encoding.
Optimizing FSM <Transmitter/FSM_0> on signal <control_reg[1:2]> with user encoding.
----------------------------
 State          | Encoding
----------------------------
 load           | 00
 starttransmit  | 01
 finishtransmit | 10
----------------------------

Optimizing unit <Lab7_top_sch> ...

Optimizing unit <Tx> ...

Optimizing unit <Rx> ...

Mapping all equations...
Building and optimizing final netlist ...
Found area constraint ratio of 100 (+ 5) on block Lab7_top_sch, actual ratio is 0.

Final Macro Processing ...

=========================================================================
Final Register Report

Macro Statistics
# Registers                                            : 41
 Flip-Flops                                            : 41

=========================================================================

=========================================================================
*                           Partition Report                            *
=========================================================================

Partition Implementation Status
-------------------------------

  No Partitions were found in this design.

-------------------------------

=========================================================================
*                            Design Summary                             *
=========================================================================

Top Level Output File Name         : Lab7_top_sch.ngc

Primitive and Black Box Usage:
------------------------------
# BELS                             : 84
#      GND                         : 1
#      INV                         : 4
#      LUT1                        : 14
#      LUT2                        : 10
#      LUT3                        : 10
#      LUT4                        : 2
#      LUT5                        : 3
#      LUT6                        : 10
#      MUXCY                       : 14
#      VCC                         : 1
#      XORCY                       : 15
# FlipFlops/Latches                : 41
#      FD                          : 26
#      FDE                         : 14
#      FDR                         : 1
# Clock Buffers                    : 3
#      BUFG                        : 1
#      BUFGP                       : 2
# IO Buffers                       : 30
#      IBUF                        : 11
#      OBUF                        : 19

Device utilization summary:
---------------------------

Selected Device : 7a100tfgg676-1 


Slice Logic Utilization: 
 Number of Slice Registers:              41  out of  126800     0%  
 Number of Slice LUTs:                   53  out of  63400     0%  
    Number used as Logic:                53  out of  63400     0%  

Slice Logic Distribution: 
 Number of LUT Flip Flop pairs used:     60
   Number with an unused Flip Flop:      19  out of     60    31%  
   Number with an unused LUT:             7  out of     60    11%  
   Number of fully used LUT-FF pairs:    34  out of     60    56%  
   Number of unique control sets:         7

IO Utilization: 
 Number of IOs:                          32
 Number of bonded IOBs:                  32  out of    300    10%  

Specific Feature Utilization:
 Number of BUFG/BUFGCTRLs:                3  out of     32     9%  

---------------------------
Partition Resource Summary:
---------------------------

  No Partitions were found in this design.

---------------------------


=========================================================================
Timing Report

NOTE: THESE TIMING NUMBERS ARE ONLY A SYNTHESIS ESTIMATE.
      FOR ACCURATE TIMING INFORMATION PLEASE REFER TO THE TRACE REPORT
      GENERATED AFTER PLACE-and-ROUTE.

Clock Information:
------------------
-----------------------------------+------------------------+-------+
Clock Signal                       | Clock buffer(FF name)  | Load  |
-----------------------------------+------------------------+-------+
mclk                               | BUFGP                  | 16    |
t_reg                              | BUFG                   | 13    |
extin<0>                           | BUFGP                  | 12    |
-----------------------------------+------------------------+-------+

Asynchronous Control Signals Information:
----------------------------------------
No asynchronous control signals found in this design

Timing Summary:
---------------
Speed Grade: -1

   Minimum period: 3.199ns (Maximum Frequency: 312.598MHz)
   Minimum input arrival time before clock: 0.871ns
   Maximum output required time after clock: 0.891ns
   Maximum combinational path delay: No path found

Timing Details:
---------------
All values displayed in nanoseconds (ns)

=========================================================================
Timing constraint: Default period analysis for Clock 'mclk'
  Clock period: 3.199ns (frequency: 312.598MHz)
  Total number of paths / destination ports: 361 / 17
-------------------------------------------------------------------------
Delay:               3.199ns (Levels of Logic = 2)
  Source:            clk_reg_3 (FF)
  Destination:       clk_reg_14 (FF)
  Source Clock:      mclk rising
  Destination Clock: mclk rising

  Data Path: clk_reg_3 to clk_reg_14
                                Gate     Net
    Cell:in->out      fanout   Delay   Delay  Logical Name (Net Name)
    ----------------------------------------  ------------
     FD:C->Q               2   0.478   0.945  clk_reg_3 (clk_reg_3)
     LUT6:I0->O            9   0.124   0.589  clk_reg[14]_PWR_5_o_equal_5_o<14>2 (clk_reg[14]_PWR_5_o_equal_5_o<14>1)
     LUT5:I3->O            8   0.124   0.445  clk_reg[14]_PWR_5_o_equal_5_o<14>3 (clk_reg[14]_PWR_5_o_equal_5_o)
     FDR:R                     0.494          clk_reg_14
    ----------------------------------------
    Total                      3.199ns (1.220ns logic, 1.979ns route)
                                       (38.1% logic, 61.9% route)

=========================================================================
Timing constraint: Default period analysis for Clock 't_reg'
  Clock period: 1.950ns (frequency: 512.821MHz)
  Total number of paths / destination ports: 40 / 16
-------------------------------------------------------------------------
Delay:               1.950ns (Levels of Logic = 1)
  Source:            Transmitter/counter/cnt_reg_1 (FF)
  Destination:       Transmitter/counter/cnt_reg_2 (FF)
  Source Clock:      t_reg rising
  Destination Clock: t_reg rising

  Data Path: Transmitter/counter/cnt_reg_1 to Transmitter/counter/cnt_reg_2
                                Gate     Net
    Cell:in->out      fanout   Delay   Delay  Logical Name (Net Name)
    ----------------------------------------  ------------
     FDE:C->Q              4   0.478   0.796  Transmitter/counter/cnt_reg_1 (Transmitter/counter/cnt_reg_1)
     LUT4:I0->O            3   0.124   0.413  Transmitter/counter/n0002_inv1 (Transmitter/counter/n0002_inv)
     FDE:CE                    0.139          Transmitter/counter/cnt_reg_0
    ----------------------------------------
    Total                      1.950ns (0.741ns logic, 1.209ns route)
                                       (38.0% logic, 62.0% route)

=========================================================================
Timing constraint: Default period analysis for Clock 'extin<0>'
  Clock period: 1.950ns (frequency: 512.821MHz)
  Total number of paths / destination ports: 37 / 22
-------------------------------------------------------------------------
Delay:               1.950ns (Levels of Logic = 1)
  Source:            Receiver/counter/cnt_reg_1 (FF)
  Destination:       Receiver/counter/cnt_reg_2 (FF)
  Source Clock:      extin<0> rising
  Destination Clock: extin<0> rising

  Data Path: Receiver/counter/cnt_reg_1 to Receiver/counter/cnt_reg_2
                                Gate     Net
    Cell:in->out      fanout   Delay   Delay  Logical Name (Net Name)
    ----------------------------------------  ------------
     FDE:C->Q              4   0.478   0.796  Receiver/counter/cnt_reg_1 (Receiver/counter/cnt_reg_1)
     LUT4:I0->O            3   0.124   0.413  Receiver/counter/n0002_inv1 (Receiver/counter/n0002_inv)
     FDE:CE                    0.139          Receiver/counter/cnt_reg_0
    ----------------------------------------
    Total                      1.950ns (0.741ns logic, 1.209ns route)
                                       (38.0% logic, 62.0% route)

=========================================================================
Timing constraint: Default OFFSET IN BEFORE for Clock 't_reg'
  Total number of paths / destination ports: 9 / 9
-------------------------------------------------------------------------
Offset:              0.871ns (Levels of Logic = 2)
  Source:            btn2 (PAD)
  Destination:       Transmitter/control_reg_FSM_FFd2 (FF)
  Destination Clock: t_reg rising

  Data Path: btn2 to Transmitter/control_reg_FSM_FFd2
                                Gate     Net
    Cell:in->out      fanout   Delay   Delay  Logical Name (Net Name)
    ----------------------------------------  ------------
     IBUF:I->O             1   0.001   0.716  btn2_IBUF (btn2_IBUF)
     LUT3:I0->O            1   0.124   0.000  Transmitter/control_reg_FSM_FFd2-In1 (Transmitter/control_reg_FSM_FFd2-In)
     FD:D                      0.030          Transmitter/control_reg_FSM_FFd2
    ----------------------------------------
    Total                      0.871ns (0.155ns logic, 0.716ns route)
                                       (17.8% logic, 82.2% route)

=========================================================================
Timing constraint: Default OFFSET IN BEFORE for Clock 'extin<0>'
  Total number of paths / destination ports: 2 / 2
-------------------------------------------------------------------------
Offset:              0.576ns (Levels of Logic = 2)
  Source:            extin<1> (PAD)
  Destination:       Receiver/control_reg (FF)
  Destination Clock: extin<0> rising

  Data Path: extin<1> to Receiver/control_reg
                                Gate     Net
    Cell:in->out      fanout   Delay   Delay  Logical Name (Net Name)
    ----------------------------------------  ------------
     IBUF:I->O             1   0.001   0.421  extin_1_IBUF (extin_1_IBUF)
     LUT5:I4->O            1   0.124   0.000  Receiver/Mmux_control_next11 (Receiver/control_next)
     FD:D                      0.030          Receiver/control_reg
    ----------------------------------------
    Total                      0.576ns (0.155ns logic, 0.421ns route)
                                       (26.9% logic, 73.1% route)

=========================================================================
Timing constraint: Default OFFSET OUT AFTER for Clock 't_reg'
  Total number of paths / destination ports: 10 / 10
-------------------------------------------------------------------------
Offset:              0.891ns (Levels of Logic = 1)
  Source:            Transmitter/control_reg_FSM_FFd2 (FF)
  Destination:       extout<1> (PAD)
  Source Clock:      t_reg rising

  Data Path: Transmitter/control_reg_FSM_FFd2 to extout<1>
                                Gate     Net
    Cell:in->out      fanout   Delay   Delay  Logical Name (Net Name)
    ----------------------------------------  ------------
     FD:C->Q               3   0.478   0.413  Transmitter/control_reg_FSM_FFd2 (Transmitter/control_reg_FSM_FFd2)
     OBUF:I->O                 0.000          extout_1_OBUF (extout<1>)
    ----------------------------------------
    Total                      0.891ns (0.478ns logic, 0.413ns route)
                                       (53.6% logic, 46.4% route)

=========================================================================
Timing constraint: Default OFFSET OUT AFTER for Clock 'extin<0>'
  Total number of paths / destination ports: 8 / 8
-------------------------------------------------------------------------
Offset:              0.883ns (Levels of Logic = 1)
  Source:            Receiver/data_reg_7 (FF)
  Destination:       led<7> (PAD)
  Source Clock:      extin<0> rising

  Data Path: Receiver/data_reg_7 to led<7>
                                Gate     Net
    Cell:in->out      fanout   Delay   Delay  Logical Name (Net Name)
    ----------------------------------------  ------------
     FDE:C->Q              2   0.478   0.405  Receiver/data_reg_7 (Receiver/data_reg_7)
     OBUF:I->O                 0.000          led_7_OBUF (led<7>)
    ----------------------------------------
    Total                      0.883ns (0.478ns logic, 0.405ns route)
                                       (54.1% logic, 45.9% route)

=========================================================================

Cross Clock Domains Report:
--------------------------

Clock to Setup on destination clock extin<0>
---------------+---------+---------+---------+---------+
               | Src:Rise| Src:Fall| Src:Rise| Src:Fall|
Source Clock   |Dest:Rise|Dest:Rise|Dest:Fall|Dest:Fall|
---------------+---------+---------+---------+---------+
extin<0>       |    1.950|         |         |         |
---------------+---------+---------+---------+---------+

Clock to Setup on destination clock mclk
---------------+---------+---------+---------+---------+
               | Src:Rise| Src:Fall| Src:Rise| Src:Fall|
Source Clock   |Dest:Rise|Dest:Rise|Dest:Fall|Dest:Fall|
---------------+---------+---------+---------+---------+
mclk           |    3.199|         |         |         |
---------------+---------+---------+---------+---------+

Clock to Setup on destination clock t_reg
---------------+---------+---------+---------+---------+
               | Src:Rise| Src:Fall| Src:Rise| Src:Fall|
Source Clock   |Dest:Rise|Dest:Rise|Dest:Fall|Dest:Fall|
---------------+---------+---------+---------+---------+
t_reg          |    1.950|         |         |         |
---------------+---------+---------+---------+---------+

=========================================================================


Total REAL time to Xst completion: 11.00 secs
Total CPU time to Xst completion: 7.67 secs
 
--> 


Total memory usage is 510000 kilobytes

Number of errors   :    0 (   0 filtered)
Number of warnings :    1 (   0 filtered)
Number of infos    :    0 (   0 filtered)

